<?xml version="1.0" encoding="UTF-8" ?>
<testsuite failures="1" time="0.041" errors="0" skipped="0" tests="1" name="CloudComposerGroup.AppTest">
  <properties>
    <property name="cctimestamp" value="20110430145434"/>
    <property name="java.runtime.name" value="Java(TM) SE Runtime Environment"/>
    <property name="projectname" value="Cloud-Composer"/>
    <property name="sun.boot.library.path" value="C:\Program Files\Java\jdk1.6.0_24\jre\bin"/>
    <property name="java.vm.version" value="19.1-b02"/>
    <property name="lastbuildsuccessful" value="false"/>
    <property name="buildforced" value="false"/>
    <property name="java.vm.vendor" value="Sun Microsystems Inc."/>
    <property name="java.vendor.url" value="http://java.sun.com/"/>
    <property name="path.separator" value=";"/>
    <property name="java.vm.name" value="Java HotSpot(TM) Client VM"/>
    <property name="file.encoding.pkg" value="sun.io"/>
    <property name="user.country" value="US"/>
    <property name="sun.java.launcher" value="SUN_STANDARD"/>
    <property name="sun.os.patch.level" value=""/>
    <property name="java.vm.specification.name" value="Java Virtual Machine Specification"/>
    <property name="user.dir" value="C:\Users\Jared\Desktop\Cloud-Composer\Cloud-Composer"/>
    <property name="java.runtime.version" value="1.6.0_24-b07"/>
    <property name="java.awt.graphicsenv" value="sun.awt.Win32GraphicsEnvironment"/>
    <property name="basedir" value="C:\Users\Jared\Desktop\Cloud-Composer\Cloud-Composer"/>
    <property name="java.endorsed.dirs" value="C:\Program Files\Java\jdk1.6.0_24\jre\lib\endorsed"/>
    <property name="os.arch" value="x86"/>
    <property name="surefire.real.class.path" value="C:\Users\Jared\Desktop\Cloud-Composer\Cloud-Composer\target\surefire\surefirebooter4885160823496521954.jar"/>
    <property name="java.io.tmpdir" value="C:\Users\Jared\AppData\Local\Temp\"/>
    <property name="line.separator" value="
"/>
    <property name="java.vm.specification.vendor" value="Sun Microsystems Inc."/>
    <property name="user.variant" value=""/>
    <property name="os.name" value="Windows 7"/>
    <property name="sun.jnu.encoding" value="Cp1252"/>
    <property name="java.library.path" value="C:\Program Files\Java\jdk1.6.0_24\jre\bin;.;C:\Windows\Sun\Java\bin;C:\Windows\system32;C:\Windows;C:\Windows\system32;C:\Windows;C:\Windows\System32\Wbem;C:\Windows\System32\WindowsPowerShell\v1.0\;C:\Program Files\QuickTime\QTSystem\;C:\Program Files\Git\cmd;C:\Program Files\Git\bin;C:\Program Files\Java\jdk1.6.0_24\bin"/>
    <property name="surefire.test.class.path" value="C:\Users\Jared\Desktop\Cloud-Composer\Cloud-Composer\target\test-classes;C:\Users\Jared\Desktop\Cloud-Composer\Cloud-Composer\target\classes;C:\Users\Jared\.m2\repository\com\cedarsoft\commons\test-utils\3.0.0\test-utils-3.0.0.jar;C:\Users\Jared\.m2\repository\com\cedarsoft\commons\xml-commons\3.0.0\xml-commons-3.0.0.jar;C:\Users\Jared\.m2\repository\org\jdom\jdom\1.1\jdom-1.1.jar;C:\Users\Jared\.m2\repository\com\cedarsoft\commons\crypt\3.0.0\crypt-3.0.0.jar;C:\Users\Jared\.m2\repository\com\cedarsoft\guice-annotations\2.0.1\guice-annotations-2.0.1.jar;C:\Users\Jared\.m2\repository\com\intellij\annotations\7.0.3\annotations-7.0.3.jar;C:\Users\Jared\.m2\repository\commons-codec\commons-codec\1.4\commons-codec-1.4.jar;C:\Users\Jared\.m2\repository\com\google\guava\guava-io\r03\guava-io-r03.jar;C:\Users\Jared\.m2\repository\com\google\guava\guava-annotations\r03\guava-annotations-r03.jar;C:\Users\Jared\.m2\repository\com\google\guava\guava-base\r03\guava-base-r03.jar;C:\Users\Jared\.m2\repository\com\google\guava\guava-collections\r03\guava-collections-r03.jar;C:\Users\Jared\.m2\repository\com\google\guava\guava-primitives\r03\guava-primitives-r03.jar;C:\Users\Jared\.m2\repository\commons-lang\commons-lang\2.5\commons-lang-2.5.jar;C:\Users\Jared\.m2\repository\commons-io\commons-io\1.4\commons-io-1.4.jar;C:\Users\Jared\.m2\repository\junit\junit\4.8.1\junit-4.8.1.jar;C:\Users\Jared\.m2\repository\org\mockito\mockito-all\1.8.5\mockito-all-1.8.5.jar;C:\Users\Jared\.m2\repository\org\easymock\easymockclassextension\3.0\easymockclassextension-3.0.jar;C:\Users\Jared\.m2\repository\org\easymock\easymock\3.0\easymock-3.0.jar;C:\Users\Jared\.m2\repository\cglib\cglib-nodep\2.2\cglib-nodep-2.2.jar;C:\Users\Jared\.m2\repository\org\objenesis\objenesis\1.2\objenesis-1.2.jar;C:\Users\Jared\.m2\repository\org\easytesting\fest-reflect\1.2\fest-reflect-1.2.jar;C:\Users\Jared\.m2\repository\org\easytesting\fest-util\1.1\fest-util-1.1.jar;C:\Users\Jared\.m2\repository\xmlunit\xmlunit\1.3\xmlunit-1.3.jar;"/>
    <property name="java.specification.name" value="Java Platform API Specification"/>
    <property name="java.class.version" value="50.0"/>
    <property name="sun.management.compiler" value="HotSpot Client Compiler"/>
    <property name="os.version" value="6.1"/>
    <property name="cclastbuildtimestamp" value="20110429181614"/>
    <property name="user.home" value="C:\Users\Jared"/>
    <property name="user.timezone" value=""/>
    <property name="java.awt.printerjob" value="sun.awt.windows.WPrinterJob"/>
    <property name="java.specification.version" value="1.6"/>
    <property name="file.encoding" value="Cp1252"/>
    <property name="user.name" value="Jared"/>
    <property name="java.class.path" value="C:\Users\Jared\Desktop\Cloud-Composer\Cloud-Composer\target\test-classes;C:\Users\Jared\Desktop\Cloud-Composer\Cloud-Composer\target\classes;C:\Users\Jared\.m2\repository\com\cedarsoft\commons\test-utils\3.0.0\test-utils-3.0.0.jar;C:\Users\Jared\.m2\repository\com\cedarsoft\commons\xml-commons\3.0.0\xml-commons-3.0.0.jar;C:\Users\Jared\.m2\repository\org\jdom\jdom\1.1\jdom-1.1.jar;C:\Users\Jared\.m2\repository\com\cedarsoft\commons\crypt\3.0.0\crypt-3.0.0.jar;C:\Users\Jared\.m2\repository\com\cedarsoft\guice-annotations\2.0.1\guice-annotations-2.0.1.jar;C:\Users\Jared\.m2\repository\com\intellij\annotations\7.0.3\annotations-7.0.3.jar;C:\Users\Jared\.m2\repository\commons-codec\commons-codec\1.4\commons-codec-1.4.jar;C:\Users\Jared\.m2\repository\com\google\guava\guava-io\r03\guava-io-r03.jar;C:\Users\Jared\.m2\repository\com\google\guava\guava-annotations\r03\guava-annotations-r03.jar;C:\Users\Jared\.m2\repository\com\google\guava\guava-base\r03\guava-base-r03.jar;C:\Users\Jared\.m2\repository\com\google\guava\guava-collections\r03\guava-collections-r03.jar;C:\Users\Jared\.m2\repository\com\google\guava\guava-primitives\r03\guava-primitives-r03.jar;C:\Users\Jared\.m2\repository\commons-lang\commons-lang\2.5\commons-lang-2.5.jar;C:\Users\Jared\.m2\repository\commons-io\commons-io\1.4\commons-io-1.4.jar;C:\Users\Jared\.m2\repository\junit\junit\4.8.1\junit-4.8.1.jar;C:\Users\Jared\.m2\repository\org\mockito\mockito-all\1.8.5\mockito-all-1.8.5.jar;C:\Users\Jared\.m2\repository\org\easymock\easymockclassextension\3.0\easymockclassextension-3.0.jar;C:\Users\Jared\.m2\repository\org\easymock\easymock\3.0\easymock-3.0.jar;C:\Users\Jared\.m2\repository\cglib\cglib-nodep\2.2\cglib-nodep-2.2.jar;C:\Users\Jared\.m2\repository\org\objenesis\objenesis\1.2\objenesis-1.2.jar;C:\Users\Jared\.m2\repository\org\easytesting\fest-reflect\1.2\fest-reflect-1.2.jar;C:\Users\Jared\.m2\repository\org\easytesting\fest-util\1.1\fest-util-1.1.jar;C:\Users\Jared\.m2\repository\xmlunit\xmlunit\1.3\xmlunit-1.3.jar;"/>
    <property name="java.vm.specification.version" value="1.0"/>
    <property name="sun.arch.data.model" value="32"/>
    <property name="java.home" value="C:\Program Files\Java\jdk1.6.0_24\jre"/>
    <property name="java.specification.vendor" value="Sun Microsystems Inc."/>
    <property name="user.language" value="en"/>
    <property name="awt.toolkit" value="sun.awt.windows.WToolkit"/>
    <property name="java.vm.info" value="mixed mode, sharing"/>
    <property name="java.version" value="1.6.0_24"/>
    <property name="java.ext.dirs" value="C:\Program Files\Java\jdk1.6.0_24\jre\lib\ext;C:\Windows\Sun\Java\lib\ext"/>
    <property name="cclastgoodbuildtimestamp" value="20110429181614"/>
    <property name="sun.boot.class.path" value="C:\Program Files\Java\jdk1.6.0_24\jre\lib\resources.jar;C:\Program Files\Java\jdk1.6.0_24\jre\lib\rt.jar;C:\Program Files\Java\jdk1.6.0_24\jre\lib\sunrsasign.jar;C:\Program Files\Java\jdk1.6.0_24\jre\lib\jsse.jar;C:\Program Files\Java\jdk1.6.0_24\jre\lib\jce.jar;C:\Program Files\Java\jdk1.6.0_24\jre\lib\charsets.jar;C:\Program Files\Java\jdk1.6.0_24\jre\lib\modules\jdk.boot.jar;C:\Program Files\Java\jdk1.6.0_24\jre\classes"/>
    <property name="label" value="build.4"/>
    <property name="java.vendor" value="Sun Microsystems Inc."/>
    <property name="localRepository" value="C:\Users\Jared\.m2\repository"/>
    <property name="file.separator" value="\"/>
    <property name="java.vendor.url.bug" value="http://java.sun.com/cgi-bin/bugreport.cgi"/>
    <property name="sun.cpu.endian" value="little"/>
    <property name="sun.io.unicode.encoding" value="UnicodeLittle"/>
    <property name="cvstimestamp" value="2011-04-30_21:54:34_GMT"/>
    <property name="sun.desktop" value="windows"/>
    <property name="sun.cpu.isalist" value="pentium_pro+mmx pentium_pro pentium+mmx pentium i486 i386 i86"/>
  </properties>
  <testcase time="0.005" classname="CloudComposerGroup.AppTest" name="testApp">
    <failure message="" type="java.lang.AssertionError">java.lang.AssertionError: 
	at org.junit.Assert.fail(Assert.java:91)
	at org.junit.Assert.assertTrue(Assert.java:43)
	at org.junit.Assert.assertTrue(Assert.java:54)
	at CloudComposerGroup.AppTest.testApp(AppTest.java:47)
	at sun.reflect.NativeMethodAccessorImpl.invoke0(Native Method)
	at sun.reflect.NativeMethodAccessorImpl.invoke(NativeMethodAccessorImpl.java:39)
	at sun.reflect.DelegatingMethodAccessorImpl.invoke(DelegatingMethodAccessorImpl.java:25)
	at java.lang.reflect.Method.invoke(Method.java:597)
	at org.junit.runners.model.FrameworkMethod$1.runReflectiveCall(FrameworkMethod.java:44)
	at org.junit.internal.runners.model.ReflectiveCallable.run(ReflectiveCallable.java:15)
	at org.junit.runners.model.FrameworkMethod.invokeExplosively(FrameworkMethod.java:41)
	at org.junit.internal.runners.statements.InvokeMethod.evaluate(InvokeMethod.java:20)
	at org.junit.runners.BlockJUnit4ClassRunner.runChild(BlockJUnit4ClassRunner.java:76)
	at org.junit.runners.BlockJUnit4ClassRunner.runChild(BlockJUnit4ClassRunner.java:50)
	at org.junit.runners.ParentRunner$3.run(ParentRunner.java:193)
	at org.junit.runners.ParentRunner$1.schedule(ParentRunner.java:52)
	at org.junit.runners.ParentRunner.runChildren(ParentRunner.java:191)
	at org.junit.runners.ParentRunner.access$000(ParentRunner.java:42)
	at org.junit.runners.ParentRunner$2.evaluate(ParentRunner.java:184)
	at org.junit.runners.ParentRunner.run(ParentRunner.java:236)
	at org.apache.maven.surefire.junit4.JUnit4TestSet.execute(JUnit4TestSet.java:35)
	at org.apache.maven.surefire.junit4.JUnit4Provider.executeTestSet(JUnit4Provider.java:115)
	at org.apache.maven.surefire.junit4.JUnit4Provider.invoke(JUnit4Provider.java:97)
	at sun.reflect.NativeMethodAccessorImpl.invoke0(Native Method)
	at sun.reflect.NativeMethodAccessorImpl.invoke(NativeMethodAccessorImpl.java:39)
	at sun.reflect.DelegatingMethodAccessorImpl.invoke(DelegatingMethodAccessorImpl.java:25)
	at java.lang.reflect.Method.invoke(Method.java:597)
	at org.apache.maven.surefire.booter.ProviderFactory$ClassLoaderProxy.invoke(ProviderFactory.java:103)
	at $Proxy0.invoke(Unknown Source)
	at org.apache.maven.surefire.booter.SurefireStarter.invokeProvider(SurefireStarter.java:150)
	at org.apache.maven.surefire.booter.SurefireStarter.runSuitesInProcess(SurefireStarter.java:91)
	at org.apache.maven.surefire.booter.ForkedBooter.main(ForkedBooter.java:69)
</failure>
    <system-out>@HL
@HL-------------------------------------------------------
@HL T E S T S
@HL-------------------------------------------------------
@SLRunning CloudComposerGroup.AppTest
</system-out>
  </testcase>
</testsuite>